FILE_TYPE=LIBRARY_PARTS;
PRIMITIVE 'SZMMSZ5245BT1G','SZMMSZ5245BT1G_Small Outline Diode';
  PIN
    'K':
      PIN_NUMBER='(1)';
      NO_LOAD_CHECK=BOTH;
      NO_IO_CHECK=BOTH;
      ALLOW_CONNECT=TRUE;
      PINUSE='UNSPEC';
    'A':
      PIN_NUMBER='(2)';
      NO_LOAD_CHECK=BOTH;
      NO_IO_CHECK=BOTH;
      ALLOW_CONNECT=TRUE;
      PINUSE='UNSPEC';
  END_PIN;
  BODY
    PART_NAME='SZMMSZ5245BT1G';
    PHYS_DES_PREFIX='Z';
    NO_LOAD_CHECK='TRUE';
    PIN_COUNT='2';
    BODY_NAME='SZMMSZ5245BT1G';
    JEDEC_TYPE='SOD3716X135N';
  END_BODY;
END_PRIMITIVE;
END.
